Arguments: 
  /usr/bin/node /usr/share/yarn/bin/yarn.js publish

PATH: 
  ~/.local/bin:~/.local/bin:/usr/local/sbin:/usr/local/bin:/usr/sbin:/usr/bin:/sbin:/bin:/usr/games:/usr/local/games:/snap/bin

Yarn version: 
  1.10.1

Node version: 
  8.10.0

Platform: 
  linux x64

Trace: 
  Error: canceled
      at Interface.<anonymous> (/usr/share/yarn/lib/cli.js:116426:13)
      at emitNone (events.js:106:13)
      at Interface.emit (events.js:208:7)
      at Interface._ttyWrite (readline.js:775:16)
      at ReadStream.onkeypress (readline.js:160:10)
      at emitTwo (events.js:126:13)
      at ReadStream.emit (events.js:214:7)
      at emitKeys (internal/readline.js:420:14)
      at emitKeys.next (<anonymous>)
      at ReadStream.onData (readline.js:1011:36)

npm manifest: 
  {
    "name": "pure-lambda",
    "version": "2.0.0",
    "description": "Lambda calculus expression parser and reducer",
    "main": "index.js",
    "repository": "https://github.com/414owen/lambda-repl-js",
    "author": "Owen Shepherd",
    "license": "GPL3",
    "private": false
  }

yarn manifest: 
  No manifest

Lockfile: 
  No lockfile
